  main.cpp
c1xx : warning C4199: C++/CLI、C++/CX 或 OpenMP 不支持两阶段名称查找；请使用 /Zc:twoPhase-
d:\tensorrt-8.2.2.1\include\nvinfer.h(2689): warning C4819: 该文件包含不能在当前代码页(936)中表示的字符。请将该文件保存为 Unicode 格式以防止数据丢失
d:\tensorrt-8.2.2.1\include\nvinfer.h(4402): warning C4819: 该文件包含不能在当前代码页(936)中表示的字符。请将该文件保存为 Unicode 格式以防止数据丢失
d:\tensorrt-8.2.2.1\include\nvinfer.h(5299): warning C4819: 该文件包含不能在当前代码页(936)中表示的字符。请将该文件保存为 Unicode 格式以防止数据丢失
e:\code_ai\deployment\yolov8-trt-win\inference\yolov8-trt\yolov8-trt\yolov8_batch.hpp(164): warning C4244: “初始化”: 从“_Tp”转换到“float”，可能丢失数据
          with
          [
              _Tp=int
          ]
e:\code_ai\deployment\yolov8-trt-win\inference\yolov8-trt\yolov8-trt\yolov8_batch.hpp(164): warning C4244: “初始化”: 从“_Tp”转换到“const float”，可能丢失数据
          with
          [
              _Tp=int
          ]
e:\code_ai\deployment\yolov8-trt-win\inference\yolov8-trt\yolov8-trt\yolov8_batch.hpp(165): warning C4244: “初始化”: 从“_Tp”转换到“float”，可能丢失数据
          with
          [
              _Tp=int
          ]
e:\code_ai\deployment\yolov8-trt-win\inference\yolov8-trt\yolov8-trt\yolov8_batch.hpp(165): warning C4244: “初始化”: 从“_Tp”转换到“const float”，可能丢失数据
          with
          [
              _Tp=int
          ]
e:\code_ai\deployment\yolov8-trt-win\inference\yolov8-trt\yolov8-trt\yolov8_batch.hpp(166): warning C4244: “初始化”: 从“const int”转换到“float”，可能丢失数据
e:\code_ai\deployment\yolov8-trt-win\inference\yolov8-trt\yolov8-trt\yolov8_batch.hpp(167): warning C4244: “初始化”: 从“const int”转换到“float”，可能丢失数据
e:\code_ai\deployment\yolov8-trt-win\inference\yolov8-trt\yolov8-trt\yolov8_batch.hpp(170): warning C4244: “初始化”: 从“float”转换到“int”，可能丢失数据
e:\code_ai\deployment\yolov8-trt-win\inference\yolov8-trt\yolov8-trt\yolov8_batch.hpp(171): warning C4244: “初始化”: 从“float”转换到“int”，可能丢失数据
e:\code_ai\deployment\yolov8-trt-win\inference\yolov8-trt\yolov8-trt\yolov8_batch.hpp(213): warning C4267: “初始化”: 从“size_t”转换到“int”，可能丢失数据
  正在生成代码
  2 of 1091 functions ( 0.2%) were compiled, the rest were copied from previous compilation.
    0 functions were new in current compilation
    0 functions had inline decision re-evaluated but remain unchanged
  已完成代码的生成
  yolov8-trt.vcxproj -> E:\code_ai\deployment\yolov8-trt-win\inference\yolov8-trt\x64\Release\yolov8-trt.exe
